<?xml version="1.0" encoding="UTF-8"?>
<!-- Generated by org.testng.reporters.JUnitReportReporter -->
<testsuite skipped="0" hostname="Arjun" name="TestRunner.Salesforce_S07_30_CreateAccounts" tests="1" failures="0" timestamp="2022-08-21T17:00:27 IST" time="0.144" errors="0">
  <testcase name="runScenario" time="0.144" classname="TestRunner.Salesforce_S07_30_CreateAccounts"/>
  <system-out/>
</testsuite> <!-- TestRunner.Salesforce_S07_30_CreateAccounts -->
