<?xml version="1.0" encoding="UTF-8"?>
<!-- Generated by org.testng.reporters.JUnitReportReporter -->
<testsuite skipped="0" hostname="Arjun" name="TestRunner.runTest" tests="1" failures="0" timestamp="2022-08-21T15:36:49 IST" time="15.986" errors="0">
  <testcase name="runScenario" time="15.986" classname="TestRunner.runTest"/>
  <system-out/>
</testsuite> <!-- TestRunner.runTest -->
